<?xml version="1.0" encoding="UTF-8"?>
<!-- Generated by org.testng.reporters.JUnitXMLReporter -->
<testsuite ignored="0" hostname="Rushikesh" failures="2" tests="6" name="TestloginPage" time="10.518" errors="0" timestamp="2023-03-21T20:40:56 IST">
  <testcase classname="com.loginPageTest.LoginPageFunctionaltyTest" name="setup" time="7.161"/>
  <testcase classname="com.loginPageTest.LoginPageFunctionaltyTest" name="testTitle" time="0.079"/>
  <testcase classname="com.loginPageTest.LoginPageFunctionaltyTest" name="testURL" time="0.016"/>
  <testcase classname="com.loginPageTest.LoginPageFunctionaltyTest" name="testlogo1Display" time="0.098">
    <failure type="java.lang.AssertionError" message="expected [false] but found [true]">
      <![CDATA[java.lang.AssertionError: expected [false] but found [true]
at com.loginPageTest.LoginPageFunctionaltyTest.testlogo1Display(LoginPageFunctionaltyTest.java:29)
at java.base/java.util.ArrayList.forEach(ArrayList.java:1511)
... Removed 29 stack frames]]>
    </failure>
  </testcase> <!-- testlogo1Display -->
  <testcase classname="com.loginPageTest.LoginPageFunctionaltyTest" name="testlogo2Display" time="0.071">
    <failure type="java.lang.AssertionError" message="expected [false] but found [true]">
      <![CDATA[java.lang.AssertionError: expected [false] but found [true]
at com.loginPageTest.LoginPageFunctionaltyTest.testlogo2Display(LoginPageFunctionaltyTest.java:34)
at java.base/java.util.ArrayList.forEach(ArrayList.java:1511)
... Removed 29 stack frames]]>
    </failure>
  </testcase> <!-- testlogo2Display -->
  <testcase classname="com.loginPageTest.LoginPageFunctionaltyTest" name="testLoginFunctionality" time="1.566"/>
</testsuite> <!-- TestloginPage -->
