<?xml version="1.0" encoding="UTF-8"?>
<!-- Generated by org.testng.reporters.JUnitXMLReporter -->
<testsuite ignored="0" hostname="Rushikesh" failures="0" tests="6" name="TestloginPage" time="10.736" errors="0" timestamp="2023-03-26T19:28:48 IST">
  <testcase classname="com.loginPageTest.LoginPageFunctionaltyTest" name="setup" time="7.02"/>
  <testcase classname="com.loginPageTest.LoginPageFunctionaltyTest" name="testTitle" time="0.064"/>
  <testcase classname="com.loginPageTest.LoginPageFunctionaltyTest" name="testURL" time="0.023"/>
  <testcase classname="com.loginPageTest.LoginPageFunctionaltyTest" name="testlogo1Display" time="0.078"/>
  <testcase classname="com.loginPageTest.LoginPageFunctionaltyTest" name="testlogo2Display" time="0.047"/>
  <testcase classname="com.loginPageTest.LoginPageFunctionaltyTest" name="testLoginFunctionality" time="1.75"/>
</testsuite> <!-- TestloginPage -->
