<?xml version="1.0" encoding="UTF-8"?>
<testng-results ignored="0" total="6" passed="6" failed="0" skipped="0">
  <reporter-output>
  </reporter-output>
  <suite started-at="2023-03-26T19:28:37 IST" name="HRMtestNG" finished-at="2023-03-26T19:28:47 IST" duration-ms="10736">
    <groups>
      <group name="logo">
        <method signature="LoginPageFunctionaltyTest.testlogo1Display()[pri:4, instance:com.loginPageTest.LoginPageFunctionaltyTest@31fa1761]" name="testlogo1Display" class="com.loginPageTest.LoginPageFunctionaltyTest"/>
        <method signature="LoginPageFunctionaltyTest.testlogo2Display()[pri:5, instance:com.loginPageTest.LoginPageFunctionaltyTest@31fa1761]" name="testlogo2Display" class="com.loginPageTest.LoginPageFunctionaltyTest"/>
      </group> <!-- logo -->
      <group name="setup">
        <method signature="LoginPageFunctionaltyTest.setup()[pri:1, instance:com.loginPageTest.LoginPageFunctionaltyTest@31fa1761]" name="setup" class="com.loginPageTest.LoginPageFunctionaltyTest"/>
      </group> <!-- setup -->
      <group name="title">
        <method signature="LoginPageFunctionaltyTest.testTitle()[pri:2, instance:com.loginPageTest.LoginPageFunctionaltyTest@31fa1761]" name="testTitle" class="com.loginPageTest.LoginPageFunctionaltyTest"/>
      </group> <!-- title -->
      <group name="URL">
        <method signature="LoginPageFunctionaltyTest.testURL()[pri:3, instance:com.loginPageTest.LoginPageFunctionaltyTest@31fa1761]" name="testURL" class="com.loginPageTest.LoginPageFunctionaltyTest"/>
      </group> <!-- URL -->
    </groups>
    <test started-at="2023-03-26T19:28:37 IST" name="TestloginPage" finished-at="2023-03-26T19:28:47 IST" duration-ms="10736">
      <class name="com.loginPageTest.LoginPageFunctionaltyTest">
        <test-method signature="setup()[pri:1, instance:com.loginPageTest.LoginPageFunctionaltyTest@31fa1761]" started-at="2023-03-26T19:28:37 IST" name="setup" finished-at="2023-03-26T19:28:44 IST" duration-ms="7020" status="PASS">
          <reporter-output>
          </reporter-output>
        </test-method> <!-- setup -->
        <test-method signature="testTitle()[pri:2, instance:com.loginPageTest.LoginPageFunctionaltyTest@31fa1761]" started-at="2023-03-26T19:28:44 IST" name="testTitle" depends-on-groups="setup" finished-at="2023-03-26T19:28:44 IST" duration-ms="64" status="PASS">
          <reporter-output>
          </reporter-output>
        </test-method> <!-- testTitle -->
        <test-method signature="testURL()[pri:3, instance:com.loginPageTest.LoginPageFunctionaltyTest@31fa1761]" started-at="2023-03-26T19:28:44 IST" name="testURL" depends-on-groups="setup, title" finished-at="2023-03-26T19:28:44 IST" duration-ms="23" status="PASS">
          <reporter-output>
          </reporter-output>
        </test-method> <!-- testURL -->
        <test-method signature="testlogo1Display()[pri:4, instance:com.loginPageTest.LoginPageFunctionaltyTest@31fa1761]" started-at="2023-03-26T19:28:45 IST" name="testlogo1Display" finished-at="2023-03-26T19:28:45 IST" duration-ms="78" status="PASS">
          <reporter-output>
          </reporter-output>
        </test-method> <!-- testlogo1Display -->
        <test-method signature="testlogo2Display()[pri:5, instance:com.loginPageTest.LoginPageFunctionaltyTest@31fa1761]" started-at="2023-03-26T19:28:45 IST" name="testlogo2Display" finished-at="2023-03-26T19:28:45 IST" duration-ms="47" status="PASS">
          <reporter-output>
          </reporter-output>
        </test-method> <!-- testlogo2Display -->
        <test-method signature="testLoginFunctionality()[pri:6, instance:com.loginPageTest.LoginPageFunctionaltyTest@31fa1761]" started-at="2023-03-26T19:28:45 IST" name="testLoginFunctionality" depends-on-groups="setup, title, URL" finished-at="2023-03-26T19:28:47 IST" duration-ms="1750" status="PASS">
          <reporter-output>
          </reporter-output>
        </test-method> <!-- testLoginFunctionality -->
      </class> <!-- com.loginPageTest.LoginPageFunctionaltyTest -->
    </test> <!-- TestloginPage -->
  </suite> <!-- HRMtestNG -->
</testng-results>
